<?xml version="1.0" encoding="UTF-8" ?>
<testsuite tests="12" failures="0" name="cucumber.Options.TestRunner" time="0.003" errors="0" skipped="0">
  <properties>
[...]
</properties>
  <testcase classname="| AAhouse | English | World cross centre |" name="Given Add Place Payload with &quot;AAhouse&quot;, &quot;English&quot; and &quot;World cross centre&quot;" time="0.002"/>
  <testcase classname="| AAhouse | English | World cross centre |" name="When User calls &quot;AddPlaceAPI&quot; with &quot;POST&quot; http request" time="0"/>
  <testcase classname="| AAhouse | English | World cross centre |" name="Then the API call got success with status code 200" time="0"/>
  <testcase classname="| AAhouse | English | World cross centre |" name="And &quot;status&quot; in response body is &quot;OK&quot;" time="0"/>
  <testcase classname="| AAhouse | English | World cross centre |" name="And &quot;scope&quot; in response body is &quot;APP&quot;" time="0"/>
  <testcase classname="| AAhouse | English | World cross centre |" name="And verify place_id created maps to &quot;AAhouse&quot; using &quot;GetPlaceAPI&quot;" time="0"/>
  <testcase classname="| AAhouse | English | World cross centre |" name="| AAhouse | English | World cross centre |" time="0.001"/>
  <testcase classname="Scenario: Verify if Delete Place functionality is working" name="Given Delete Place Payload" time="0"/>
  <testcase classname="Scenario: Verify if Delete Place functionality is working" name="When User calls &quot;DeletePlaceAPI&quot; with &quot;POST&quot; http request" time="0"/>
  <testcase classname="Scenario: Verify if Delete Place functionality is working" name="Then the API call got success with status code 200" time="0"/>
  <testcase classname="Scenario: Verify if Delete Place functionality is working" name="And &quot;status&quot; in response body is &quot;OK&quot;" time="0"/>
  <testcase classname="Scenario: Verify if Delete Place functionality is working" name="Scenario: Verify if Delete Place functionality is working" time="0"/>
</testsuite>